<?xml version="1.0" encoding="UTF-8"?>
<!-- Generated by org.testng.reporters.JUnitXMLReporter -->
<testsuite ignored="0" hostname="Shubhams-MacBook-Air.local" failures="1" tests="2" name="Test" time="68.215" errors="0" timestamp="2025-10-14T23:59:58 IST">
  <testcase classname="TestNgAllMethods.TestNgListeners" name="testlogo" time="5.636"/>
  <testcase classname="TestNgAllMethods.TestNgListeners" name="testCurrentUrl" time="0.025">
    <failure type="java.lang.AssertionError" message="expected:&amp;lt;https://opensource-demo.orangehrmlive.com/web/index.php/auth/login&amp;gt; but was:&amp;lt;https://opensource-demo.orangehrmlive.com/web/index.php/auth&amp;gt;">
      <![CDATA[java.lang.AssertionError: expected:<https://opensource-demo.orangehrmlive.com/web/index.php/auth/login> but was:<https://opensource-demo.orangehrmlive.com/web/index.php/auth>
at TestNgAllMethods.TestNgListeners.testCurrentUrl(TestNgListeners.java:37)
at java.base/java.util.ArrayList.forEach(ArrayList.java:1596)
... Removed 27 stack frames]]>
    </failure>
  </testcase> <!-- testCurrentUrl -->
</testsuite> <!-- Test -->
