<?xml version="1.0" encoding="UTF-8"?>
<testng-results ignored="0" total="1" passed="1" failed="0" skipped="0">
  <reporter-output>
  </reporter-output>
  <suite started-at="2025-10-15T12:21:38 IST" name="Default suite" finished-at="2025-10-15T12:22:45 IST" duration-ms="67239">
    <groups>
    </groups>
    <test started-at="2025-10-15T12:21:38 IST" name="Default test" finished-at="2025-10-15T12:22:45 IST" duration-ms="67239">
      <class name="PageObjectModel.loginTest">
        <test-method is-config="true" signature="setup()[pri:0, instance:PageObjectModel.loginTest@327514f]" started-at="2025-10-15T12:21:38 IST" name="setup" finished-at="2025-10-15T12:22:42 IST" duration-ms="64145" status="PASS">
          <reporter-output>
          </reporter-output>
        </test-method> <!-- setup -->
        <test-method signature="testLogin()[pri:0, instance:PageObjectModel.loginTest@327514f]" started-at="2025-10-15T12:22:42 IST" name="testLogin" finished-at="2025-10-15T12:22:45 IST" duration-ms="2794" status="PASS">
          <reporter-output>
          </reporter-output>
        </test-method> <!-- testLogin -->
        <test-method is-config="true" signature="teardown()[pri:0, instance:PageObjectModel.loginTest@327514f]" started-at="2025-10-15T12:22:45 IST" name="teardown" finished-at="2025-10-15T12:22:45 IST" duration-ms="126" status="PASS">
          <reporter-output>
          </reporter-output>
        </test-method> <!-- teardown -->
      </class> <!-- PageObjectModel.loginTest -->
    </test> <!-- Default test -->
  </suite> <!-- Default suite -->
</testng-results>
